<<<<<<< HEAD
02 03 00 0a a7 a9 0d ad 1d 03 02 03 00 0c 84 ff fa 81 bc 0c dd 03 02 03 00 0a a7 aa 0c ae 1c 03 02 03 00 0c 84 ff fa 81 bd 0c de 03 02 03 00 0a a7 aa 0c ae 1c 03 02 03 00 0c 84 ff fa 81 bd 0c de 03 02 03 00 0a a7 aa 0c ae 1c 03 02 03 00 0c 84 ff fa 81 bd 0c de 03 02 03 00 0a a7 aa 0c ae 1c 03 02 03 00 0c 84 ff fa 81 bd 0c de 03 02 03 00 0a a7 aa 0c ae 1c 03 02 03 00 0c 84 ff fa 81 bd 0c de 03 02 03 00 0a a7 aa 0c ae 1c 03 02 03 00 0c 84 ff fa 81 bd 0c de 03 02 03 00 0a a7 aa 0c ae 1c 03 02 03 00 0c 84 ff fa 81 bd 0c de 03 02 03 00 0a a7 aa 0c ae 1c 03 02 03 00 0c 84 ff fa 81 bd 0c de 03 02 03 00 0a a7 aa 0c ae 1c 03 02 03 00 0c 83 00 04 89 bd 12 df 03 02 03 00 0a a7 a9 0d ad 1d 03 02 03 00 0c 83 00 04 89 bc 12 de 03 02 03 00 0a a7 a9 0d ad 1d 03 02 03 00 0c 83 00 04 89 bc 12 de 03 02 03 00 0a a7 a9 0d ad 1d 03 02 03 00 0c 83 00 04 89 bc 12 de 03 02 03 00 0a a7 a9 0d ad 1d 03 02 03 00 0c 83 00 04 89 bc 12 de 03 02 03 00 0a a7 a9 0d ad 1d 03 02 03 00 0c 83 00 04 89 bc 12 de 03 02 03 00 0a a7 a9 0d ad 1d 03 02 03 00 0c 83 00 04 89 bc 12 de 03 02 03 00 0a a7 a9 0d ad 1d 03 02 03 00 0c 83 00 04 89 bc 12 de 03 02 03 00 0a a7 a9 0d ad 1d 03 02 03 00 0c 83 00 04 89 bc 12 de 03 02 03 00 0a a7 a9 0d ad 1d 03 02 03 00 0c 84 00 06 8c bc 16 de 03 02 03 00 0a a7 a9 0d ad 1d 03 02 03 00 0c 84 00 06 8c bc 16 de 03 02 03 00 0a a7 a9 0d ad 1d 03 02 03 00 0c 84 00 06 8c bc 16 de 03 02 03 00 0a a7 a9 0d ad 1d 03 02 03 00 0c 84 00 06 8c bc 16 de 03 02 03 00 0a a7 a9 0d ad 1d 03 02 03 00 0c 84 00 06 8c bc 16 de 03 02 03 00 0a a7 a9 0d ad 1d 03 02 03 00 0c 84 00 06 8c bc 16 de 03 02 03 00 0a a7 a9 0d ad 1d 03 02 03 00 0c 84 00 06 8c bc 16 de 03 02 03 00 0a a7 a9 0d ad 1d 03 02 03 00 0c 84 00 06 8c bc 16 de 03 02 03 00 0a a7 a9 0d ad 1d 03 02 03 00 0c 84 00 06 8c bc 16 de 03 02 03 00 0a a7 a9 0d ad 1d 03 02 03 00 0c 84 00 06 8c bc 16 de 03 02 03 00 0a a7 a9 0d ad 1d 03 02 03 00 0c 83 ff fc 82 bc 0c dd 03 02 03 00 0a a7 aa 0c ae 1c 03 02 03 00 0c 83 ff fc 82 bd 0c de 03 02 03 00 0a a7 aa 0c ae 1c 03 02 03 00 0c 83 ff fc 82 bd 0c de 03 02 03 00 0a a7 aa 0c ae 1c 03 02 03 00 0c 83 ff fc 82 bd 0c de 03 02 03 00 0a a7 aa 0c ae 1c 03 02 03 00 0c 83 ff fc 82 bd 0c de 03 02 03 00 0a a7 aa 0c ae 1c 03 02 03 00 0c 83 ff fc 82 bd 0c de 03 02 03 00 0a a7 aa 0c ae 1c 03 02 03 00 0c 83 ff fc 82 bd 0c de 03 02 03 00 0a a7 aa 0c ae 1c 03 02 03 00 0c 83 ff fc 82 bd 0c de 03 02 03 00 0a a7 aa 0c ae 1c 03 02 03 00 0c 83 ff fc 82 bd 0c de 03 02 03 00 0a a7 aa 0c ae 1c 03 02 03 00 0c 83 ff fc 82 bd 0c de 03 
02 03 00 0a a7 aa 0c ae 1c 03 02 03 00 0c 84 00 06 8c bd 16 df 03 02 03 00 0a a7 a9 0d ad 1d 03 02 03 00 0c 84 00 06 8c bc 16 de 03 02 03 00 0a a7 a9 0d ad 1d 03 02 03 00 0c 84 00 06 8c bc 16 de 03 02 03 00 0a a7 a9 0d ad 1d 03 02 03 00 0c 84 00 06 8c bc 16 de 03 02 03 00 0a a7 a9 0d ad 1d 03 02 03 00 0c 84 00 06 8c bc 16 de 03 02 03 00 0a a7 a9 0d ad 1d 03 02 03 00 0c 84 00 06 8c bc 16 de 03 02 03 00 0a a7 a9 0d ad 1d 03 02 03 00 0c 84 00 06 8c bc 16 de 03 02 03 00 0a a7 a9 0d ad 1d 03 02 03 00 0c 84 00 06 8c bc 16 de 03 
02 03 00 0a a7 a9 0d ad 1d 03 02 03 00 0c 84 00 06 8c bc 16 de 03 02 03 00 0a a7 a9 0d ad 1d 03 02 03 00 0c 84 00 06 8c bc 16 de 03 02 03 00 0a a7 a9 0d ad 1d 03 02 03 00 0c 84 00 06 8c bc 16 de 03 02 03 00 0a a7 a9 0d ad 1d 03 02 03 00 0c 84 00 06 8c bc 16 de 03 02 03 00 0a a7 a9 0d ad 1d 03 02 03 00 0c 84 00 06 8c bc 16 de 03 
02 03 00 0a a7 a9 0d ad 1d 03 02 03 00 0c 84 00 06 8c bc 16 de 03 02 03 00 0a a7 a9 0d ad 1d 03 02 03 00 0c 84 00 06 8c bc 16 de 03 
02 03 00 0a a7 a9 0d ad 1d 03 02 03 00 0c 84 00 06 8c bc 16 de 03 02 03 00 0a a7 a9 0d ad 1d 03 02 03 00 0c 84 00 06 8c bc 16 de 03 02 03 00 0a a7 a9 0d ad 1d 03 02 03 00 0c 84 00 06 8c bc 16 de 03 
02 03 00 0a a7 a9 0d ad 1d 03 02 03 00 0c 84 00 06 8c bc 16 de 03 02 03 00 0a a7 a9 0d ad 1d 03 02 03 00 0c 84 00 06 8c bc 16 de 03 02 03 00 0a a7 a9 0d ad 1d 03 02 03 00 0c 84 00 06 8c bc 16 de 03 
02 03 00 0a a7 a9 0d ad 1d 03 02 03 00 0c 84 00 06 8c bc 16 de 03 02 03 00 0a a7 a9 0d ad 1d 03 02 03 00 0c 84 00 06 8c bc 16 de 03 02 03 00 0a a7 a9 0d ad 1d 03 02 03 00 0c 84 00 06 8c bc 16 de 03 
02 03 00 0a a7 a9 0d ad 1d 03 02 03 00 0c 84 00 06 8c bc 16 de 03 02 03 00 0a a7 a9 0d ad 1d 03 02 03 00 0c 84 00 06 8c bc 16 de 03 02 03 00 0a a7 a9 0d ad 1d 03 02 03 00 0c 84 00 06 8c bc 16 de 03 
02 03 00 0a a7 a9 0d ad 1d 03 02 03 00 0c 84 00 06 8c bc 16 de 03 02 03 00 0a a7 a9 0d ad 1d 03 02 03 00 0c 84 00 06 8c bc 16 de 03 
02 03 00 0a a7 a9 0d ad 1d 03 02 03 00 0c 84 00 06 8c bc 16 de 03 02 03 00 0a a7 a9 0d ad 1d 03 02 03 00 0c 84 00 06 8c bc 16 de 03 02 03 00 0a a7 a9 0d ad 1d 03 02 03 00 0c 84 00 06 8c bc 16 de 03 
02 03 00 0a a7 a9 0d ad 1d 03 02 03 00 0c 83 ff fc 82 bc 0c dd 03 02 03 00 0a a7 aa 0c ae 1c 03 02 03 00 0c 83 ff fc 82 bd 0c de 03 
02 03 00 0a a7 aa 0c ae 1c 03 02 03 00 0c 83 ff fc 82 bd 0c de 03 02 03 00 0a a7 aa 0c ae 1c 03 02 03 00 0c 83 ff fc 82 bd 0c de 03 02 03 00 0a a7 aa 0c ae 1c 03 02 03 00 0c 83 ff fc 82 bd 0c de 03 
02 03 00 0a a7 aa 0c ae 1c 03 02 03 00 0c 83 ff fc 82 bd 0c de 03 02 03 00 0a a7 aa 0c ae 1c 03 02 03 00 0c 83 ff fc 82 bd 0c de 03 02 03 00 0a a7 aa 0c ae 1c 03 02 03 00 0c 83 ff fc 82 bd 0c de 03 
02 03 00 0a a7 aa 0c ae 1c 03 02 03 00 0c 83 ff fc 82 bd 0c de 03 02 03 00 0a a7 aa 0c ae 1c 03 02 03 00 0c 83 ff fc 82 bd 0c de 03 02 03 00 0a a7 aa 0c ae 1c 03 02 03 00 0c 83 ff fc 82 bd 0c de 03 
02 03 00 0a a7 aa 0c ae 1c 03 02 03 00 0c 83 ff fc 82 bd 0c de 03 02 03 00 0a a7 aa 0c ae 1c 03 02 03 00 0c 83 ff fc 82 bd 0c de 03 02 03 00 0a a7 aa 0c ae 1c 03 02 03 00 0c 83 ff fc 82 bd 0c de 03 
02 03 00 0a a7 aa 0c ae 1c 03 02 03 00 0c 83 ff fc 82 bd 0c de 03 02 03 00 0a a7 aa 0c ae 1c 03 02 03 00 0c 83 ff fc 82 bd 0c de 03 02 03 00 0a a7 aa 0c ae 1c 03 02 03 00 0c 83 ff fc 82 bd 0c de 03 
02 03 00 0a a7 aa 0c ae 1c 03 02 03 00 0c 83 ff fc 82 bd 0c de 03 02 03 00 0a a7 aa 0c ae 1c 03 02 03 00 0c 83 ff fc 82 bd 0c de 03 
02 03 00 0a a7 aa 0c ae 1c 03 02 03 00 0c 83 ff fc 82 bd 0c de 03 02 03 00 0a a7 aa 0c ae 1c 03 02 03 00 0c 83 ff fc 82 bd 0c de 03 02 03 00 0a a7 aa 0c ae 1c 03 02 03 00 0c 83 ff fc 82 bd 0c de 03 
02 03 00 0a a7 aa 0c ae 1c 03 02 03 00 0c 84 ff fa 81 bd 0c de 03 02 03 00 0a a7 aa 0c ae 1c 03 02 03 00 0c 84 ff fa 81 bd 0c de 03 
02 03 00 0a a7 aa 0c ae 1c 03 02 03 00 0c 84 ff fa 81 bd 0c de 03 02 03 00 0a a7 aa 0c ae 1c 03 02 03 00 0c 84 ff fa 81 bd 0c de 03 02 03 00 0a a7 aa 0c ae 1c 03 02 03 00 0c 84 ff fa 81 bd 0c de 03 
02 03 00 0a a7 aa 0c ae 1c 03 02 03 00 0c 84 ff fa 81 bd 0c de 03 02 03 00 0a a7 aa 0c ae 1c 03 02 03 00 0c 84 ff fa 81 bd 0c de 03 02 03 00 0a a7 aa 0c ae 1c 03 02 03 00 0c 84 ff fa 81 bd 0c de 03 
02 03 00 0a a7 aa 0c ae 1c 03 02 03 00 0c 84 ff fa 81 bd 0c de 03 02 03 00 0a a7 aa 0c ae 1c 03 02 03 00 0c 84 ff fa 81 bd 0c de 03 
02 03 00 0a a7 aa 0c ae 1c 03 02 03 00 0c 84 ff fa 81 bd 0c de 03 02 03 00 0a a7 aa 0c ae 1c 03 02 03 00 0c 84 ff fa 81 bd 0c de 03 02 03 00 0a a7 aa 0c ae 1c 03 02 03 00 0c 84 ff fa 81 bd 0c de 03 
02 03 00 0a a7 aa 0c ae 1c 03 02 03 00 0c 84 ff fa 81 bd 0c de 03 02 03 00 0a a7 aa 0c ae 1c 03 02 03 00 0c 84 ff fa 81 bd 0c de 03 
02 03 00 0a a7 aa 0c ae 1c 03 02 03 00 0c 84 ff fa 81 bd 0c de 03 02 03 00 0a a7 aa 0c ae 1c 03 02 03 00 0c 84 ff fa 81 bd 0c de 03 02 03 00 0a a7 aa 0c ae 1c 03 02 03 00 0c 84 ff fa 81 bd 0c de 03 02 03 00 0a a7 aa 0c ae 1c 03 02 03 00 0c 84 ff fa 81 bd 0c de 03 
02 03 00 0a a7 aa 0c ae 1c 03 02 03 00 0c 84 ff fa 81 bd 0c de 03 02 03 00 0a a7 aa 0c ae 1c 03 02 03 00 0c 84 ff fa 81 bd 0c de 03 02 03 00 0a a7 aa 0c ae 1c 03 02 03 00 0c 84 ff fa 81 bd 0c de 03 
02 03 00 0a a7 aa 0c ae 1c 03 02 03 00 0c 83 00 04 89 bd 12 df 03 02 03 00 0a a7 a9 0d ad 1d 03 02 03 00 0c 83 00 04 89 bc 12 de 03 
02 03 00 0a a7 a9 0d ad 1d 03 02 03 00 0c 83 00 04 89 bc 12 de 03 
02 03 00 0a a7 a9 0d ad 1d 03 02 03 00 0c 83 00 04 89 bc 12 de 03 02 03 00 0a a7 a9 0d ad 1d 03 02 03 00 0c 83 00 04 89 bc 12 de 03 02 03 00 0a a7 a9 0d ad 1d 03 02 03 00 0c 83 00 04 89 bc 12 de 03 02 03 00 0a a7 a9 0d ad 1d 03 02 03 00 0c 83 00 04 89 bc 12 de 03 
02 03 00 0a a7 a9 0d ad 1d 03 02 03 00 0c 83 00 04 89 bc 12 de 03 02 03 00 0a a7 a9 0d ad 1d 03 02 03 00 0c 83 00 04 89 bc 12 de 03 02 03 00 0a a7 a9 0d ad 1d 03 02 03 00 0c 83 00 04 89 bc 12 de 03 02 03 00 0a a7 a9 0d ad 1d 03 02 03 00 0c 83 00 04 89 bc 12 de 03 02 03 00 0a a7 a9 0d ad 1d 03 02 03 00 0c 83 00 04 89 bc 12 de 03 02 03 00 0a a7 a9 0d ad 1d 03 02 03 00 0c 83 00 04 89 bc 12 de 03 02 03 00 0a a7 a9 0d ad 1d 03 02 03 00 0c 83 00 04 89 bc 12 de 03 02 03 00 0a a7 a9 0d ad 1d 03 02 03 00 0c 83 00 04 89 bc 12 de 03 
02 03 00 0a a7 a9 0d ad 1d 03 02 03 00 0c 83 00 04 89 bc 12 de 03 02 03 00 0a a7 a9 0d ad 1d 03 02 03 00 0c 83 00 04 89 bc 12 de 03 02 03 00 0a a7 a9 0d ad 1d 03 02 03 00 0c 84 ff fa 81 bc 0c dd 03 02 03 00 0a a7 aa 0c ae 1c 03 02 03 00 0c 83 00 04 89 bd 12 df 03 02 03 00 0a a7 a9 0d ad 1d 03 02 03 00 0c 84 ff fa 81 bc 0c dd 03 02 03 00 0a a7 aa 0c ae 1c 03 02 03 00 0c 83 00 04 89 bd 12 df 03 02 03 00 0a a7 a9 0d ad 1d 03 02 03 00 0c 84 ff fa 81 bc 0c dd 03 02 03 00 0a a7 aa 0c ae 1c 03 02 03 00 0c 83 00 04 89 bd 12 df 03 02 03 00 0a a7 a9 0d ad 1d 03 02 03 00 0c 83 00 04 89 bc 12 de 03 02 03 00 0a a7 a9 0d ad 1d 03 02 03 00 0c 83 00 04 89 bc 12 de 03 02 03 00 0a a7 a9 0d ad 1d 03 02 03 00 0c 83 00 04 89 bc 12 de 03 
02 03 00 0a a7 a9 0d ad 1d 03 02 03 00 0c 83 00 04 89 bc 12 de 03 02 03 00 0a a7 a9 0d ad 1d 03 02 03 00 0c 83 00 04 89 bc 12 de 03 
02 03 00 0a a7 a9 0d ad 1d 03 02 03 00 0c 83 00 04 89 bc 12 de 03 02 03 00 0a a7 a9 0d ad 1d 03 02 03 00 0c 83 00 04 89 bc 12 de 03 02 03 00 0a a7 a9 0d ad 1d 03 02 03 00 0c 83 00 04 89 bc 12 de 03 
02 03 00 0a a7 a9 0d ad 1d 03 02 03 00 0c 83 00 04 89 bc 12 de 03 02 03 00 0a a7 a9 0d ad 1d 03 02 03 00 0c 83 00 04 89 bc 12 de 03 
02 03 00 0a a7 a9 0d ad 1d 03 02 03 00 0c 84 00 06 8c bc 16 de 03 02 03 00 0a a7 a9 0d ad 1d 03 02 03 00 0c 84 00 06 8c bc 16 de 03 
02 03 00 0a a7 a9 0d ad 1d 03 02 03 00 0c 83 ff fc 82 bc 0c dd 03 02 03 00 0a a7 aa 0c ae 1c 03 02 03 00 0c 83 ff fc 82 bd 0c de 03 02 03 00 0a a7 aa 0c ae 1c 03 02 03 00 0c 84 ff fa 81 bd 0c de 03 02 03 00 0a a7 aa 0c ae 1c 03 02 03 00 0c 84 ff fa 81 bd 0c de 03 02 03 00 0a a7 aa 0c ae 1c 03 02 03 00 0c 84 ff fa 81 bd 0c de 03 
=======
02 03 00 0a a7 a9 0d ad 1d 03
02 03 00 0c 84 ff fa 81 bc 0c dd 03
02 03 00 0a a7 aa 0c ae 1c 03
02 03 00 0c 84 ff fa 81 bd 0c de 03
02 03 00 0a a7 aa 0c ae 1c 03
02 03 00 0c 84 ff fa 81 bd 0c de 03
02 03 00 0a a7 aa 0c ae 1c 03
02 03 00 0c 84 ff fa 81 bd 0c de 03
02 03 00 0a a7 aa 0c ae 1c 03
02 03 00 0c 84 ff fa 81 bd 0c de 03
02 03 00 0a a7 aa 0c ae 1c 03
02 03 00 0c 84 ff fa 81 bd 0c de 03
02 03 00 0a a7 aa 0c ae 1c 03
02 03 00 0c 84 ff fa 81 bd 0c de 03
02 03 00 0a a7 aa 0c ae 1c 03
02 03 00 0c 84 ff fa 81 bd 0c de 03
02 03 00 0a a7 aa 0c ae 1c 03
02 03 00 0c 84 ff fa 81 bd 0c de 03
02 03 00 0a a7 aa 0c ae 1c 03
02 03 00 0c 83 00 04 89 bd 12 df 03
02 03 00 0a a7 a9 0d ad 1d 03
02 03 00 0c 83 00 04 89 bc 12 de 03
02 03 00 0a a7 a9 0d ad 1d 03
02 03 00 0c 83 00 04 89 bc 12 de 03
02 03 00 0a a7 a9 0d ad 1d 03
02 03 00 0c 83 00 04 89 bc 12 de 03
02 03 00 0a a7 a9 0d ad 1d 03
02 03 00 0c 83 00 04 89 bc 12 de 03
02 03 00 0a a7 a9 0d ad 1d 03
02 03 00 0c 83 00 04 89 bc 12 de 03
02 03 00 0a a7 a9 0d ad 1d 03
02 03 00 0c 83 00 04 89 bc 12 de 03
02 03 00 0a a7 a9 0d ad 1d 03
02 03 00 0c 83 00 04 89 bc 12 de 03
02 03 00 0a a7 a9 0d ad 1d 03
02 03 00 0c 83 00 04 89 bc 12 de 03
02 03 00 0a a7 a9 0d ad 1d 03
02 03 00 0c 84 00 06 8c bc 16 de 03
02 03 00 0a a7 a9 0d ad 1d 03
02 03 00 0c 84 00 06 8c bc 16 de 03
02 03 00 0a a7 a9 0d ad 1d 03
02 03 00 0c 84 00 06 8c bc 16 de 03
02 03 00 0a a7 a9 0d ad 1d 03
02 03 00 0c 84 00 06 8c bc 16 de 03
02 03 00 0a a7 a9 0d ad 1d 03
02 03 00 0c 84 00 06 8c bc 16 de 03
02 03 00 0a a7 a9 0d ad 1d 03
02 03 00 0c 84 00 06 8c bc 16 de 03
02 03 00 0a a7 a9 0d ad 1d 03
02 03 00 0c 84 00 06 8c bc 16 de 03
02 03 00 0a a7 a9 0d ad 1d 03
02 03 00 0c 84 00 06 8c bc 16 de 03
02 03 00 0a a7 a9 0d ad 1d 03
02 03 00 0c 84 00 06 8c bc 16 de 03
02 03 00 0a a7 a9 0d ad 1d 03
02 03 00 0c 84 00 06 8c bc 16 de 03
02 03 00 0a a7 a9 0d ad 1d 03
02 03 00 0c 83 ff fc 82 bc 0c dd 03
02 03 00 0a a7 aa 0c ae 1c 03
02 03 00 0c 83 ff fc 82 bd 0c de 03
02 03 00 0a a7 aa 0c ae 1c 03
02 03 00 0c 83 ff fc 82 bd 0c de 03
02 03 00 0a a7 aa 0c ae 1c 03
02 03 00 0c 83 ff fc 82 bd 0c de 03
02 03 00 0a a7 aa 0c ae 1c 03
02 03 00 0c 83 ff fc 82 bd 0c de 03
02 03 00 0a a7 aa 0c ae 1c 03
02 03 00 0c 83 ff fc 82 bd 0c de 03
02 03 00 0a a7 aa 0c ae 1c 03
02 03 00 0c 83 ff fc 82 bd 0c de 03
02 03 00 0a a7 aa 0c ae 1c 03
02 03 00 0c 83 ff fc 82 bd 0c de 03
02 03 00 0a a7 aa 0c ae 1c 03
02 03 00 0c 83 ff fc 82 bd 0c de 03
02 03 00 0a a7 aa 0c ae 1c 03
02 03 00 0c 83 ff fc 82 bd 0c de 03 
02 03 00 0a a7 aa 0c ae 1c 03
02 03 00 0c 84 00 06 8c bd 16 df 03
02 03 00 0a a7 a9 0d ad 1d 03
02 03 00 0c 84 00 06 8c bc 16 de 03
02 03 00 0a a7 a9 0d ad 1d 03
02 03 00 0c 84 00 06 8c bc 16 de 03
02 03 00 0a a7 a9 0d ad 1d 03
02 03 00 0c 84 00 06 8c bc 16 de 03
02 03 00 0a a7 a9 0d ad 1d 03
02 03 00 0c 84 00 06 8c bc 16 de 03
02 03 00 0a a7 a9 0d ad 1d 03
02 03 00 0c 84 00 06 8c bc 16 de 03
02 03 00 0a a7 a9 0d ad 1d 03
02 03 00 0c 84 00 06 8c bc 16 de 03
02 03 00 0a a7 a9 0d ad 1d 03
02 03 00 0c 84 00 06 8c bc 16 de 03 
02 03 00 0a a7 a9 0d ad 1d 03
02 03 00 0c 84 00 06 8c bc 16 de 03
02 03 00 0a a7 a9 0d ad 1d 03
02 03 00 0c 84 00 06 8c bc 16 de 03
02 03 00 0a a7 a9 0d ad 1d 03
02 03 00 0c 84 00 06 8c bc 16 de 03
02 03 00 0a a7 a9 0d ad 1d 03
02 03 00 0c 84 00 06 8c bc 16 de 03
02 03 00 0a a7 a9 0d ad 1d 03
02 03 00 0c 84 00 06 8c bc 16 de 03 
02 03 00 0a a7 a9 0d ad 1d 03
02 03 00 0c 84 00 06 8c bc 16 de 03
02 03 00 0a a7 a9 0d ad 1d 03
02 03 00 0c 84 00 06 8c bc 16 de 03 
02 03 00 0a a7 a9 0d ad 1d 03
02 03 00 0c 84 00 06 8c bc 16 de 03
02 03 00 0a a7 a9 0d ad 1d 03
02 03 00 0c 84 00 06 8c bc 16 de 03
02 03 00 0a a7 a9 0d ad 1d 03
02 03 00 0c 84 00 06 8c bc 16 de 03 
02 03 00 0a a7 a9 0d ad 1d 03
02 03 00 0c 84 00 06 8c bc 16 de 03
02 03 00 0a a7 a9 0d ad 1d 03
02 03 00 0c 84 00 06 8c bc 16 de 03
02 03 00 0a a7 a9 0d ad 1d 03
02 03 00 0c 84 00 06 8c bc 16 de 03 
02 03 00 0a a7 a9 0d ad 1d 03
02 03 00 0c 84 00 06 8c bc 16 de 03
02 03 00 0a a7 a9 0d ad 1d 03
02 03 00 0c 84 00 06 8c bc 16 de 03
02 03 00 0a a7 a9 0d ad 1d 03
02 03 00 0c 84 00 06 8c bc 16 de 03 
02 03 00 0a a7 a9 0d ad 1d 03
02 03 00 0c 84 00 06 8c bc 16 de 03
02 03 00 0a a7 a9 0d ad 1d 03
02 03 00 0c 84 00 06 8c bc 16 de 03
02 03 00 0a a7 a9 0d ad 1d 03
02 03 00 0c 84 00 06 8c bc 16 de 03 
02 03 00 0a a7 a9 0d ad 1d 03
02 03 00 0c 84 00 06 8c bc 16 de 03
02 03 00 0a a7 a9 0d ad 1d 03
02 03 00 0c 84 00 06 8c bc 16 de 03 
02 03 00 0a a7 a9 0d ad 1d 03
02 03 00 0c 84 00 06 8c bc 16 de 03
02 03 00 0a a7 a9 0d ad 1d 03
02 03 00 0c 84 00 06 8c bc 16 de 03
02 03 00 0a a7 a9 0d ad 1d 03
02 03 00 0c 84 00 06 8c bc 16 de 03 
02 03 00 0a a7 a9 0d ad 1d 03
02 03 00 0c 83 ff fc 82 bc 0c dd 03
02 03 00 0a a7 aa 0c ae 1c 03
02 03 00 0c 83 ff fc 82 bd 0c de 03 
02 03 00 0a a7 aa 0c ae 1c 03
02 03 00 0c 83 ff fc 82 bd 0c de 03
02 03 00 0a a7 aa 0c ae 1c 03
02 03 00 0c 83 ff fc 82 bd 0c de 03
02 03 00 0a a7 aa 0c ae 1c 03
02 03 00 0c 83 ff fc 82 bd 0c de 03 
02 03 00 0a a7 aa 0c ae 1c 03
02 03 00 0c 83 ff fc 82 bd 0c de 03
02 03 00 0a a7 aa 0c ae 1c 03
02 03 00 0c 83 ff fc 82 bd 0c de 03
02 03 00 0a a7 aa 0c ae 1c 03
02 03 00 0c 83 ff fc 82 bd 0c de 03 
02 03 00 0a a7 aa 0c ae 1c 03
02 03 00 0c 83 ff fc 82 bd 0c de 03
02 03 00 0a a7 aa 0c ae 1c 03
02 03 00 0c 83 ff fc 82 bd 0c de 03
02 03 00 0a a7 aa 0c ae 1c 03
02 03 00 0c 83 ff fc 82 bd 0c de 03 
02 03 00 0a a7 aa 0c ae 1c 03
02 03 00 0c 83 ff fc 82 bd 0c de 03
02 03 00 0a a7 aa 0c ae 1c 03
02 03 00 0c 83 ff fc 82 bd 0c de 03
02 03 00 0a a7 aa 0c ae 1c 03
02 03 00 0c 83 ff fc 82 bd 0c de 03 
02 03 00 0a a7 aa 0c ae 1c 03
02 03 00 0c 83 ff fc 82 bd 0c de 03
02 03 00 0a a7 aa 0c ae 1c 03
02 03 00 0c 83 ff fc 82 bd 0c de 03
02 03 00 0a a7 aa 0c ae 1c 03
02 03 00 0c 83 ff fc 82 bd 0c de 03 
02 03 00 0a a7 aa 0c ae 1c 03
02 03 00 0c 83 ff fc 82 bd 0c de 03
02 03 00 0a a7 aa 0c ae 1c 03
02 03 00 0c 83 ff fc 82 bd 0c de 03 
02 03 00 0a a7 aa 0c ae 1c 03
02 03 00 0c 83 ff fc 82 bd 0c de 03
02 03 00 0a a7 aa 0c ae 1c 03
02 03 00 0c 83 ff fc 82 bd 0c de 03
02 03 00 0a a7 aa 0c ae 1c 03
02 03 00 0c 83 ff fc 82 bd 0c de 03 
02 03 00 0a a7 aa 0c ae 1c 03
02 03 00 0c 84 ff fa 81 bd 0c de 03
02 03 00 0a a7 aa 0c ae 1c 03
02 03 00 0c 84 ff fa 81 bd 0c de 03 
02 03 00 0a a7 aa 0c ae 1c 03
02 03 00 0c 84 ff fa 81 bd 0c de 03
02 03 00 0a a7 aa 0c ae 1c 03
02 03 00 0c 84 ff fa 81 bd 0c de 03
02 03 00 0a a7 aa 0c ae 1c 03
02 03 00 0c 84 ff fa 81 bd 0c de 03 
02 03 00 0a a7 aa 0c ae 1c 03
02 03 00 0c 84 ff fa 81 bd 0c de 03
02 03 00 0a a7 aa 0c ae 1c 03
02 03 00 0c 84 ff fa 81 bd 0c de 03
02 03 00 0a a7 aa 0c ae 1c 03
02 03 00 0c 84 ff fa 81 bd 0c de 03 
02 03 00 0a a7 aa 0c ae 1c 03
02 03 00 0c 84 ff fa 81 bd 0c de 03
02 03 00 0a a7 aa 0c ae 1c 03
02 03 00 0c 84 ff fa 81 bd 0c de 03 
02 03 00 0a a7 aa 0c ae 1c 03
02 03 00 0c 84 ff fa 81 bd 0c de 03
02 03 00 0a a7 aa 0c ae 1c 03
02 03 00 0c 84 ff fa 81 bd 0c de 03
02 03 00 0a a7 aa 0c ae 1c 03
02 03 00 0c 84 ff fa 81 bd 0c de 03 
02 03 00 0a a7 aa 0c ae 1c 03
02 03 00 0c 84 ff fa 81 bd 0c de 03
02 03 00 0a a7 aa 0c ae 1c 03
02 03 00 0c 84 ff fa 81 bd 0c de 03 
02 03 00 0a a7 aa 0c ae 1c 03
02 03 00 0c 84 ff fa 81 bd 0c de 03
02 03 00 0a a7 aa 0c ae 1c 03
02 03 00 0c 84 ff fa 81 bd 0c de 03
02 03 00 0a a7 aa 0c ae 1c 03
02 03 00 0c 84 ff fa 81 bd 0c de 03
02 03 00 0a a7 aa 0c ae 1c 03
02 03 00 0c 84 ff fa 81 bd 0c de 03 
02 03 00 0a a7 aa 0c ae 1c 03
02 03 00 0c 84 ff fa 81 bd 0c de 03
02 03 00 0a a7 aa 0c ae 1c 03
02 03 00 0c 84 ff fa 81 bd 0c de 03
02 03 00 0a a7 aa 0c ae 1c 03
02 03 00 0c 84 ff fa 81 bd 0c de 03 
02 03 00 0a a7 aa 0c ae 1c 03
02 03 00 0c 83 00 04 89 bd 12 df 03
02 03 00 0a a7 a9 0d ad 1d 03
02 03 00 0c 83 00 04 89 bc 12 de 03 
02 03 00 0a a7 a9 0d ad 1d 03
02 03 00 0c 83 00 04 89 bc 12 de 03 
02 03 00 0a a7 a9 0d ad 1d 03
02 03 00 0c 83 00 04 89 bc 12 de 03
02 03 00 0a a7 a9 0d ad 1d 03
02 03 00 0c 83 00 04 89 bc 12 de 03
02 03 00 0a a7 a9 0d ad 1d 03
02 03 00 0c 83 00 04 89 bc 12 de 03
02 03 00 0a a7 a9 0d ad 1d 03
02 03 00 0c 83 00 04 89 bc 12 de 03 
02 03 00 0a a7 a9 0d ad 1d 03
02 03 00 0c 83 00 04 89 bc 12 de 03
02 03 00 0a a7 a9 0d ad 1d 03
02 03 00 0c 83 00 04 89 bc 12 de 03
02 03 00 0a a7 a9 0d ad 1d 03
02 03 00 0c 83 00 04 89 bc 12 de 03
02 03 00 0a a7 a9 0d ad 1d 03
02 03 00 0c 83 00 04 89 bc 12 de 03
02 03 00 0a a7 a9 0d ad 1d 03
02 03 00 0c 83 00 04 89 bc 12 de 03
02 03 00 0a a7 a9 0d ad 1d 03
02 03 00 0c 83 00 04 89 bc 12 de 03
02 03 00 0a a7 a9 0d ad 1d 03
02 03 00 0c 83 00 04 89 bc 12 de 03
02 03 00 0a a7 a9 0d ad 1d 03
02 03 00 0c 83 00 04 89 bc 12 de 03 
02 03 00 0a a7 a9 0d ad 1d 03
02 03 00 0c 83 00 04 89 bc 12 de 03
02 03 00 0a a7 a9 0d ad 1d 03
02 03 00 0c 83 00 04 89 bc 12 de 03
02 03 00 0a a7 a9 0d ad 1d 03
02 03 00 0c 84 ff fa 81 bc 0c dd 03
02 03 00 0a a7 aa 0c ae 1c 03
02 03 00 0c 83 00 04 89 bd 12 df 03
02 03 00 0a a7 a9 0d ad 1d 03
02 03 00 0c 84 ff fa 81 bc 0c dd 03
02 03 00 0a a7 aa 0c ae 1c 03
02 03 00 0c 83 00 04 89 bd 12 df 03
02 03 00 0a a7 a9 0d ad 1d 03
02 03 00 0c 84 ff fa 81 bc 0c dd 03
02 03 00 0a a7 aa 0c ae 1c 03
02 03 00 0c 83 00 04 89 bd 12 df 03
02 03 00 0a a7 a9 0d ad 1d 03
02 03 00 0c 83 00 04 89 bc 12 de 03
02 03 00 0a a7 a9 0d ad 1d 03
02 03 00 0c 83 00 04 89 bc 12 de 03
02 03 00 0a a7 a9 0d ad 1d 03
02 03 00 0c 83 00 04 89 bc 12 de 03 
02 03 00 0a a7 a9 0d ad 1d 03
02 03 00 0c 83 00 04 89 bc 12 de 03
02 03 00 0a a7 a9 0d ad 1d 03
02 03 00 0c 83 00 04 89 bc 12 de 03 
02 03 00 0a a7 a9 0d ad 1d 03
02 03 00 0c 83 00 04 89 bc 12 de 03
02 03 00 0a a7 a9 0d ad 1d 03
02 03 00 0c 83 00 04 89 bc 12 de 03
02 03 00 0a a7 a9 0d ad 1d 03
02 03 00 0c 83 00 04 89 bc 12 de 03 
02 03 00 0a a7 a9 0d ad 1d 03
02 03 00 0c 83 00 04 89 bc 12 de 03
02 03 00 0a a7 a9 0d ad 1d 03
02 03 00 0c 83 00 04 89 bc 12 de 03 
02 03 00 0a a7 a9 0d ad 1d 03
02 03 00 0c 84 00 06 8c bc 16 de 03
02 03 00 0a a7 a9 0d ad 1d 03
02 03 00 0c 84 00 06 8c bc 16 de 03 
02 03 00 0a a7 a9 0d ad 1d 03
02 03 00 0c 83 ff fc 82 bc 0c dd 03
02 03 00 0a a7 aa 0c ae 1c 03
02 03 00 0c 83 ff fc 82 bd 0c de 03
02 03 00 0a a7 aa 0c ae 1c 03
02 03 00 0c 84 ff fa 81 bd 0c de 03
02 03 00 0a a7 aa 0c ae 1c 03
02 03 00 0c 84 ff fa 81 bd 0c de 03
02 03 00 0a a7 aa 0c ae 1c 03
02 03 00 0c 84 ff fa 81 bd 0c de 03 
>>>>>>> pgs_protocol

